<?xml version="1.0" encoding="UTF-8"?>
<!-- Generated by org.testng.reporters.JUnitReportReporter -->
<testsuite hostname="PUNITP435871L" failures="0" tests="1" name="tests.LoginTest" time="9.189" errors="0" timestamp="02 Jan 2025 07:20:11 GMT" skipped="0">
  <testcase classname="tests.LoginTest" name="loginTest" time="9.189"/>
</testsuite> <!-- tests.LoginTest -->
