<?xml version="1.0" encoding="UTF-8"?>
<!-- Generated by org.testng.reporters.JUnitReportReporter -->
<testsuite hostname="PUNITP435871L" failures="0" tests="1" name="tests.HomeTest" time="2.004" errors="0" timestamp="02 Jan 2025 07:20:11 GMT" skipped="0">
  <testcase classname="tests.HomeTest" name="testAddItemToCart" time="2.004"/>
</testsuite> <!-- tests.HomeTest -->
